<?xml version="1.0" encoding="UTF-8"?>
<!-- Generated by org.testng.reporters.JUnitReportReporter -->
<testsuite hostname="DELL" name="WebDriverTest.WebDriverTest.GoogleTest" tests="1" failures="0" timestamp="21 Jun 2016 10:19:47 GMT" time="0.021" errors="0">
  <testcase name="checkTitle" time="0.021" classname="WebDriverTest.WebDriverTest.GoogleTest"/>
</testsuite> <!-- WebDriverTest.WebDriverTest.GoogleTest -->
