<?xml version="1.0" encoding="UTF-8"?>
<!-- Generated by org.testng.reporters.JUnitReportReporter -->
<testsuite hostname="DELL" name="WebDriverTest.WebDriverTest.GoogleTest" tests="1" failures="0" timestamp="20 Jun 2016 10:45:01 GMT" time="0.025" errors="0">
  <testcase name="checkTitle" time="0.025" classname="WebDriverTest.WebDriverTest.GoogleTest"/>
</testsuite> <!-- WebDriverTest.WebDriverTest.GoogleTest -->
