<?xml version="1.0" encoding="UTF-8"?>
<!-- Generated by org.testng.reporters.JUnitReportReporter -->
<testsuite hostname="DELL" name="WebDriverTest.WebDriverTest.LinkTest" tests="1" failures="0" timestamp="21 Jun 2016 10:19:01 GMT" time="0.066" errors="0">
  <testcase name="testLinks" time="0.066" classname="WebDriverTest.WebDriverTest.LinkTest"/>
</testsuite> <!-- WebDriverTest.WebDriverTest.LinkTest -->
